# JRE version: OpenJDK Runtime Environment (8.0_242-b08) (build 1.8.0_242-8u242-b08-0ubuntu3~18.04-b08)
# Java VM: OpenJDK 64-Bit Server VM (25.242-b08 mixed mode linux-amd64 compressed oops)
Heap:
 PSYoungGen      total 436224K, used 15858K [0x00000000d6780000, 0x00000000f3e00000, 0x0000000100000000)
  eden space 410112K, 0% used [0x00000000d6780000,0x00000000d6780000,0x00000000ef800000)
  from space 26112K, 60% used [0x00000000ef800000,0x00000000f077cb88,0x00000000f1180000)
  to   space 22528K, 0% used [0x00000000f1180000,0x00000000f1180000,0x00000000f2780000)
 ParOldGen       total 140288K, used 37202K [0x0000000083600000, 0x000000008bf00000, 0x00000000d6780000)
  object space 140288K, 26% used [0x0000000083600000,0x0000000085a54b20,0x000000008bf00000)
 Metaspace       used 66424K, capacity 68788K, committed 69080K, reserved 1110016K
  class space    used 8697K, capacity 9160K, committed 9176K, reserved 1048576K
GC Heap History (10 events):
Event: 4.187 GC heap after
Heap after GC invocations=9 (full 2):
 PSYoungGen      total 268288K, used 0K [0x00000000d6780000, 0x00000000ec900000, 0x0000000100000000)
  eden space 256000K, 0% used [0x00000000d6780000,0x00000000d6780000,0x00000000e6180000)
  from space 12288K, 0% used [0x00000000e6180000,0x00000000e6180000,0x00000000e6d80000)
  to   space 15360K, 0% used [0x00000000eba00000,0x00000000eba00000,0x00000000ec900000)
 ParOldGen       total 97792K, used 19309K [0x0000000083600000, 0x0000000089580000, 0x00000000d6780000)
  object space 97792K, 19% used [0x0000000083600000,0x00000000848db740,0x0000000089580000)
 Metaspace       used 34304K, capacity 35308K, committed 35416K, reserved 1079296K
  class space    used 4405K, capacity 4668K, committed 4696K, reserved 1048576K
}
Event: 6.159 GC heap before
{Heap before GC invocations=10 (full 2):
 PSYoungGen      total 268288K, used 256000K [0x00000000d6780000, 0x00000000ec900000, 0x0000000100000000)
  eden space 256000K, 100% used [0x00000000d6780000,0x00000000e6180000,0x00000000e6180000)
  from space 12288K, 0% used [0x00000000e6180000,0x00000000e6180000,0x00000000e6d80000)
  to   space 15360K, 0% used [0x00000000eba00000,0x00000000eba00000,0x00000000ec900000)
 ParOldGen       total 97792K, used 19309K [0x0000000083600000, 0x0000000089580000, 0x00000000d6780000)
  object space 97792K, 19% used [0x0000000083600000,0x00000000848db740,0x0000000089580000)
 Metaspace       used 40519K, capacity 41726K, committed 41816K, reserved 1085440K
  class space    used 5171K, capacity 5449K, committed 5464K, reserved 1048576K
Event: 6.194 GC heap after
Heap after GC invocations=10 (full 2):
 PSYoungGen      total 344064K, used 14990K [0x00000000d6780000, 0x00000000ee900000, 0x0000000100000000)
  eden space 328704K, 0% used [0x00000000d6780000,0x00000000d6780000,0x00000000ea880000)
  from space 15360K, 97% used [0x00000000eba00000,0x00000000ec8a38f0,0x00000000ec900000)
  to   space 17920K, 0% used [0x00000000ea880000,0x00000000ea880000,0x00000000eba00000)
 ParOldGen       total 97792K, used 19317K [0x0000000083600000, 0x0000000089580000, 0x00000000d6780000)
  object space 97792K, 19% used [0x0000000083600000,0x00000000848dd740,0x0000000089580000)
 Metaspace       used 40519K, capacity 41726K, committed 41816K, reserved 1085440K
  class space    used 5171K, capacity 5449K, committed 5464K, reserved 1048576K
}
Event: 8.632 GC heap before
{Heap before GC invocations=11 (full 2):
 PSYoungGen      total 344064K, used 343694K [0x00000000d6780000, 0x00000000ee900000, 0x0000000100000000)
  eden space 328704K, 100% used [0x00000000d6780000,0x00000000ea880000,0x00000000ea880000)
  from space 15360K, 97% used [0x00000000eba00000,0x00000000ec8a38f0,0x00000000ec900000)
  to   space 17920K, 0% used [0x00000000ea880000,0x00000000ea880000,0x00000000eba00000)
 ParOldGen       total 97792K, used 19317K [0x0000000083600000, 0x0000000089580000, 0x00000000d6780000)
  object space 97792K, 19% used [0x0000000083600000,0x00000000848dd740,0x0000000089580000)
 Metaspace       used 50561K, capacity 52160K, committed 52440K, reserved 1095680K
  class space    used 6463K, capacity 6838K, committed 6872K, reserved 1048576K
Event: 8.703 GC heap after
Heap after GC invocations=11 (full 2):
 PSYoungGen      total 346624K, used 17907K [0x00000000d6780000, 0x00000000f2780000, 0x0000000100000000)
  eden space 328704K, 0% used [0x00000000d6780000,0x00000000d6780000,0x00000000ea880000)
  from space 17920K, 99% used [0x00000000ea880000,0x00000000eb9fcdc8,0x00000000eba00000)
  to   space 22528K, 0% used [0x00000000f1180000,0x00000000f1180000,0x00000000f2780000)
 ParOldGen       total 97792K, used 24941K [0x0000000083600000, 0x0000000089580000, 0x00000000d6780000)
  object space 97792K, 25% used [0x0000000083600000,0x0000000084e5b6b8,0x0000000089580000)
 Metaspace       used 50561K, capacity 52160K, committed 52440K, reserved 1095680K
  class space    used 6463K, capacity 6838K, committed 6872K, reserved 1048576K
}
Event: 9.762 GC heap before
{Heap before GC invocations=12 (full 2):
 PSYoungGen      total 346624K, used 151898K [0x00000000d6780000, 0x00000000f2780000, 0x0000000100000000)
  eden space 328704K, 40% used [0x00000000d6780000,0x00000000dea59b90,0x00000000ea880000)
  from space 17920K, 99% used [0x00000000ea880000,0x00000000eb9fcdc8,0x00000000eba00000)
  to   space 22528K, 0% used [0x00000000f1180000,0x00000000f1180000,0x00000000f2780000)
 ParOldGen       total 97792K, used 24941K [0x0000000083600000, 0x0000000089580000, 0x00000000d6780000)
  object space 97792K, 25% used [0x0000000083600000,0x0000000084e5b6b8,0x0000000089580000)
 Metaspace       used 57172K, capacity 58844K, committed 59028K, reserved 1099776K
  class space    used 7442K, capacity 7814K, committed 7896K, reserved 1048576K
Event: 9.822 GC heap after
Heap after GC invocations=12 (full 2):
 PSYoungGen      total 432640K, used 22513K [0x00000000d6780000, 0x00000000f3e00000, 0x0000000100000000)
  eden space 410112K, 0% used [0x00000000d6780000,0x00000000d6780000,0x00000000ef800000)
  from space 22528K, 99% used [0x00000000f1180000,0x00000000f277c710,0x00000000f2780000)
  to   space 26112K, 0% used [0x00000000ef800000,0x00000000ef800000,0x00000000f1180000)
 ParOldGen       total 97792K, used 25613K [0x0000000083600000, 0x0000000089580000, 0x00000000d6780000)
  object space 97792K, 26% used [0x0000000083600000,0x0000000084f036c0,0x0000000089580000)
 Metaspace       used 57172K, capacity 58844K, committed 59028K, reserved 1099776K
  class space    used 7442K, capacity 7814K, committed 7896K, reserved 1048576K
}
Event: 9.822 GC heap before
{Heap before GC invocations=13 (full 3):
 PSYoungGen      total 432640K, used 22513K [0x00000000d6780000, 0x00000000f3e00000, 0x0000000100000000)
  eden space 410112K, 0% used [0x00000000d6780000,0x00000000d6780000,0x00000000ef800000)
  from space 22528K, 99% used [0x00000000f1180000,0x00000000f277c710,0x00000000f2780000)
  to   space 26112K, 0% used [0x00000000ef800000,0x00000000ef800000,0x00000000f1180000)
 ParOldGen       total 97792K, used 25613K [0x0000000083600000, 0x0000000089580000, 0x00000000d6780000)
  object space 97792K, 26% used [0x0000000083600000,0x0000000084f036c0,0x0000000089580000)
 Metaspace       used 57172K, capacity 58844K, committed 59028K, reserved 1099776K
  class space    used 7442K, capacity 7814K, committed 7896K, reserved 1048576K
Event: 10.062 GC heap after
Heap after GC invocations=13 (full 3):
 PSYoungGen      total 432640K, used 0K [0x00000000d6780000, 0x00000000f3e00000, 0x0000000100000000)
  eden space 410112K, 0% used [0x00000000d6780000,0x00000000d6780000,0x00000000ef800000)
  from space 22528K, 0% used [0x00000000f1180000,0x00000000f1180000,0x00000000f2780000)
  to   space 26112K, 0% used [0x00000000ef800000,0x00000000ef800000,0x00000000f1180000)
 ParOldGen       total 140288K, used 37194K [0x0000000083600000, 0x000000008bf00000, 0x00000000d6780000)
  object space 140288K, 26% used [0x0000000083600000,0x0000000085a52b20,0x000000008bf00000)
 Metaspace       used 57172K, capacity 58844K, committed 59028K, reserved 1099776K
  class space    used 7442K, capacity 7814K, committed 7896K, reserved 1048576K
}
Event: 13.599 GC heap before
{Heap before GC invocations=14 (full 3):
 PSYoungGen      total 432640K, used 410112K [0x00000000d6780000, 0x00000000f3e00000, 0x0000000100000000)
  eden space 410112K, 100% used [0x00000000d6780000,0x00000000ef800000,0x00000000ef800000)
  from space 22528K, 0% used [0x00000000f1180000,0x00000000f1180000,0x00000000f2780000)
  to   space 26112K, 0% used [0x00000000ef800000,0x00000000ef800000,0x00000000f1180000)
 ParOldGen       total 140288K, used 37194K [0x0000000083600000, 0x000000008bf00000, 0x00000000d6780000)
  object space 140288K, 26% used [0x0000000083600000,0x0000000085a52b20,0x000000008bf00000)
 Metaspace       used 66424K, capacity 68788K, committed 69080K, reserved 1110016K
  class space    used 8697K, capacity 9160K, committed 9176K, reserved 1048576K

