# JRE version: OpenJDK Runtime Environment (8.0_242-b08) (build 1.8.0_242-8u242-b08-0ubuntu3~18.04-b08)
# Java VM: OpenJDK 64-Bit Server VM (25.242-b08 mixed mode linux-amd64 compressed oops)
Heap:
 PSYoungGen      total 463872K, used 17162K [0x00000000d6780000, 0x00000000f5d80000, 0x0000000100000000)
  eden space 437760K, 0% used [0x00000000d6780000,0x00000000d6780000,0x00000000f1300000)
  from space 26112K, 65% used [0x00000000f1300000,0x00000000f23c2a00,0x00000000f2c80000)
  to   space 23040K, 0% used [0x00000000f2c80000,0x00000000f2c80000,0x00000000f4300000)
 ParOldGen       total 131072K, used 36495K [0x0000000083600000, 0x000000008b600000, 0x00000000d6780000)
  object space 131072K, 27% used [0x0000000083600000,0x00000000859a3d88,0x000000008b600000)
 Metaspace       used 66475K, capacity 68844K, committed 69080K, reserved 1110016K
  class space    used 8697K, capacity 9160K, committed 9176K, reserved 1048576K
GC Heap History (10 events):
Event: 3.894 GC heap after
Heap after GC invocations=9 (full 2):
 PSYoungGen      total 268288K, used 0K [0x00000000d6780000, 0x00000000ede80000, 0x0000000100000000)
  eden space 256000K, 0% used [0x00000000d6780000,0x00000000d6780000,0x00000000e6180000)
  from space 12288K, 0% used [0x00000000e6180000,0x00000000e6180000,0x00000000e6d80000)
  to   space 15360K, 0% used [0x00000000ecf80000,0x00000000ecf80000,0x00000000ede80000)
 ParOldGen       total 91136K, used 19386K [0x0000000083600000, 0x0000000088f00000, 0x00000000d6780000)
  object space 91136K, 21% used [0x0000000083600000,0x00000000848ee860,0x0000000088f00000)
 Metaspace       used 34330K, capacity 35312K, committed 35416K, reserved 1079296K
  class space    used 4412K, capacity 4668K, committed 4696K, reserved 1048576K
}
Event: 5.487 GC heap before
{Heap before GC invocations=10 (full 2):
 PSYoungGen      total 268288K, used 256000K [0x00000000d6780000, 0x00000000ede80000, 0x0000000100000000)
  eden space 256000K, 100% used [0x00000000d6780000,0x00000000e6180000,0x00000000e6180000)
  from space 12288K, 0% used [0x00000000e6180000,0x00000000e6180000,0x00000000e6d80000)
  to   space 15360K, 0% used [0x00000000ecf80000,0x00000000ecf80000,0x00000000ede80000)
 ParOldGen       total 91136K, used 19386K [0x0000000083600000, 0x0000000088f00000, 0x00000000d6780000)
  object space 91136K, 21% used [0x0000000083600000,0x00000000848ee860,0x0000000088f00000)
 Metaspace       used 40503K, capacity 41674K, committed 41816K, reserved 1085440K
  class space    used 5171K, capacity 5449K, committed 5464K, reserved 1048576K
Event: 5.518 GC heap after
Heap after GC invocations=10 (full 2):
 PSYoungGen      total 366080K, used 14962K [0x00000000d6780000, 0x00000000ef580000, 0x0000000100000000)
  eden space 350720K, 0% used [0x00000000d6780000,0x00000000d6780000,0x00000000ebe00000)
  from space 15360K, 97% used [0x00000000ecf80000,0x00000000ede1c8b0,0x00000000ede80000)
  to   space 17920K, 0% used [0x00000000ebe00000,0x00000000ebe00000,0x00000000ecf80000)
 ParOldGen       total 91136K, used 19394K [0x0000000083600000, 0x0000000088f00000, 0x00000000d6780000)
  object space 91136K, 21% used [0x0000000083600000,0x00000000848f0860,0x0000000088f00000)
 Metaspace       used 40503K, capacity 41674K, committed 41816K, reserved 1085440K
  class space    used 5171K, capacity 5449K, committed 5464K, reserved 1048576K
}
Event: 7.828 GC heap before
{Heap before GC invocations=11 (full 2):
 PSYoungGen      total 366080K, used 365682K [0x00000000d6780000, 0x00000000ef580000, 0x0000000100000000)
  eden space 350720K, 100% used [0x00000000d6780000,0x00000000ebe00000,0x00000000ebe00000)
  from space 15360K, 97% used [0x00000000ecf80000,0x00000000ede1c8b0,0x00000000ede80000)
  to   space 17920K, 0% used [0x00000000ebe00000,0x00000000ebe00000,0x00000000ecf80000)
 ParOldGen       total 91136K, used 19394K [0x0000000083600000, 0x0000000088f00000, 0x00000000d6780000)
  object space 91136K, 21% used [0x0000000083600000,0x00000000848f0860,0x0000000088f00000)
 Metaspace       used 51832K, capacity 53456K, committed 53720K, reserved 1095680K
  class space    used 6657K, capacity 7032K, committed 7128K, reserved 1048576K
Event: 7.863 GC heap after
Heap after GC invocations=11 (full 2):
 PSYoungGen      total 368640K, used 17900K [0x00000000d6780000, 0x00000000f4300000, 0x0000000100000000)
  eden space 350720K, 0% used [0x00000000d6780000,0x00000000d6780000,0x00000000ebe00000)
  from space 17920K, 99% used [0x00000000ebe00000,0x00000000ecf7b350,0x00000000ecf80000)
  to   space 23040K, 0% used [0x00000000f2c80000,0x00000000f2c80000,0x00000000f4300000)
 ParOldGen       total 91136K, used 25990K [0x0000000083600000, 0x0000000088f00000, 0x00000000d6780000)
  object space 91136K, 28% used [0x0000000083600000,0x0000000084f61968,0x0000000088f00000)
 Metaspace       used 51832K, capacity 53456K, committed 53720K, reserved 1095680K
  class space    used 6657K, capacity 7032K, committed 7128K, reserved 1048576K
}
Event: 8.503 GC heap before
{Heap before GC invocations=12 (full 2):
 PSYoungGen      total 368640K, used 126508K [0x00000000d6780000, 0x00000000f4300000, 0x0000000100000000)
  eden space 350720K, 30% used [0x00000000d6780000,0x00000000dd18fe88,0x00000000ebe00000)
  from space 17920K, 99% used [0x00000000ebe00000,0x00000000ecf7b350,0x00000000ecf80000)
  to   space 23040K, 0% used [0x00000000f2c80000,0x00000000f2c80000,0x00000000f4300000)
 ParOldGen       total 91136K, used 25990K [0x0000000083600000, 0x0000000088f00000, 0x00000000d6780000)
  object space 91136K, 28% used [0x0000000083600000,0x0000000084f61968,0x0000000088f00000)
 Metaspace       used 57232K, capacity 58864K, committed 59028K, reserved 1099776K
  class space    used 7444K, capacity 7816K, committed 7896K, reserved 1048576K
Event: 8.547 GC heap after
Heap after GC invocations=12 (full 2):
 PSYoungGen      total 460800K, used 22464K [0x00000000d6780000, 0x00000000f5d80000, 0x0000000100000000)
  eden space 437760K, 0% used [0x00000000d6780000,0x00000000d6780000,0x00000000f1300000)
  from space 23040K, 97% used [0x00000000f2c80000,0x00000000f42700f0,0x00000000f4300000)
  to   space 26112K, 0% used [0x00000000f1300000,0x00000000f1300000,0x00000000f2c80000)
 ParOldGen       total 91136K, used 25998K [0x0000000083600000, 0x0000000088f00000, 0x00000000d6780000)
  object space 91136K, 28% used [0x0000000083600000,0x0000000084f63968,0x0000000088f00000)
 Metaspace       used 57232K, capacity 58864K, committed 59028K, reserved 1099776K
  class space    used 7444K, capacity 7816K, committed 7896K, reserved 1048576K
}
Event: 8.547 GC heap before
{Heap before GC invocations=13 (full 3):
 PSYoungGen      total 460800K, used 22464K [0x00000000d6780000, 0x00000000f5d80000, 0x0000000100000000)
  eden space 437760K, 0% used [0x00000000d6780000,0x00000000d6780000,0x00000000f1300000)
  from space 23040K, 97% used [0x00000000f2c80000,0x00000000f42700f0,0x00000000f4300000)
  to   space 26112K, 0% used [0x00000000f1300000,0x00000000f1300000,0x00000000f2c80000)
 ParOldGen       total 91136K, used 25998K [0x0000000083600000, 0x0000000088f00000, 0x00000000d6780000)
  object space 91136K, 28% used [0x0000000083600000,0x0000000084f63968,0x0000000088f00000)
 Metaspace       used 57232K, capacity 58864K, committed 59028K, reserved 1099776K
  class space    used 7444K, capacity 7816K, committed 7896K, reserved 1048576K
Event: 8.738 GC heap after
Heap after GC invocations=13 (full 3):
 PSYoungGen      total 460800K, used 0K [0x00000000d6780000, 0x00000000f5d80000, 0x0000000100000000)
  eden space 437760K, 0% used [0x00000000d6780000,0x00000000d6780000,0x00000000f1300000)
  from space 23040K, 0% used [0x00000000f2c80000,0x00000000f2c80000,0x00000000f4300000)
  to   space 26112K, 0% used [0x00000000f1300000,0x00000000f1300000,0x00000000f2c80000)
 ParOldGen       total 131072K, used 36495K [0x0000000083600000, 0x000000008b600000, 0x00000000d6780000)
  object space 131072K, 27% used [0x0000000083600000,0x00000000859a3d88,0x000000008b600000)
 Metaspace       used 57232K, capacity 58864K, committed 59028K, reserved 1099776K
  class space    used 7444K, capacity 7816K, committed 7896K, reserved 1048576K
}
Event: 14.276 GC heap before
{Heap before GC invocations=14 (full 3):
 PSYoungGen      total 460800K, used 437760K [0x00000000d6780000, 0x00000000f5d80000, 0x0000000100000000)
  eden space 437760K, 100% used [0x00000000d6780000,0x00000000f1300000,0x00000000f1300000)
  from space 23040K, 0% used [0x00000000f2c80000,0x00000000f2c80000,0x00000000f4300000)
  to   space 26112K, 0% used [0x00000000f1300000,0x00000000f1300000,0x00000000f2c80000)
 ParOldGen       total 131072K, used 36495K [0x0000000083600000, 0x000000008b600000, 0x00000000d6780000)
  object space 131072K, 27% used [0x0000000083600000,0x00000000859a3d88,0x000000008b600000)
 Metaspace       used 66475K, capacity 68844K, committed 69080K, reserved 1110016K
  class space    used 8697K, capacity 9160K, committed 9176K, reserved 1048576K

