# JRE version: OpenJDK Runtime Environment (8.0_242-b08) (build 1.8.0_242-8u242-b08-0ubuntu3~18.04-b08)
# Java VM: OpenJDK 64-Bit Server VM (25.242-b08 mixed mode linux-amd64 compressed oops)
Heap:
 PSYoungGen      total 615424K, used 15696K [0x00000000d6780000, 0x00000000fd680000, 0x0000000100000000)
  eden space 592896K, 0% used [0x00000000d6780000,0x00000000d6780000,0x00000000faa80000)
  from space 22528K, 69% used [0x00000000faa80000,0x00000000fb9d40e0,0x00000000fc080000)
  to   space 19968K, 0% used [0x00000000fc300000,0x00000000fc300000,0x00000000fd680000)
 ParOldGen       total 126464K, used 67623K [0x0000000083600000, 0x000000008b180000, 0x00000000d6780000)
  object space 126464K, 53% used [0x0000000083600000,0x0000000087809d80,0x000000008b180000)
 Metaspace       used 77487K, capacity 80902K, committed 81112K, reserved 1120256K
  class space    used 10278K, capacity 10897K, committed 10968K, reserved 1048576K
GC Heap History (10 events):
Event: 9.181 GC heap after
Heap after GC invocations=15 (full 3):
 PSYoungGen      total 364032K, used 0K [0x00000000d6780000, 0x00000000ef680000, 0x0000000100000000)
  eden space 340992K, 0% used [0x00000000d6780000,0x00000000d6780000,0x00000000eb480000)
  from space 23040K, 0% used [0x00000000eca00000,0x00000000eca00000,0x00000000ee080000)
  to   space 22016K, 0% used [0x00000000eb480000,0x00000000eb480000,0x00000000eca00000)
 ParOldGen       total 126464K, used 34545K [0x0000000083600000, 0x000000008b180000, 0x00000000d6780000)
  object space 126464K, 27% used [0x0000000083600000,0x00000000857bc490,0x000000008b180000)
 Metaspace       used 57068K, capacity 58724K, committed 58968K, reserved 1099776K
  class space    used 7556K, capacity 7944K, committed 8024K, reserved 1048576K
}
Event: 11.381 GC heap before
{Heap before GC invocations=16 (full 3):
 PSYoungGen      total 364032K, used 340992K [0x00000000d6780000, 0x00000000ef680000, 0x0000000100000000)
  eden space 340992K, 100% used [0x00000000d6780000,0x00000000eb480000,0x00000000eb480000)
  from space 23040K, 0% used [0x00000000eca00000,0x00000000eca00000,0x00000000ee080000)
  to   space 22016K, 0% used [0x00000000eb480000,0x00000000eb480000,0x00000000eca00000)
 ParOldGen       total 126464K, used 34545K [0x0000000083600000, 0x000000008b180000, 0x00000000d6780000)
  object space 126464K, 27% used [0x0000000083600000,0x00000000857bc490,0x000000008b180000)
 Metaspace       used 66718K, capacity 69158K, committed 69464K, reserved 1110016K
  class space    used 8786K, capacity 9281K, committed 9304K, reserved 1048576K
Event: 11.421 GC heap after
Heap after GC invocations=16 (full 3):
 PSYoungGen      total 363008K, used 17276K [0x00000000d6780000, 0x00000000f5000000, 0x0000000100000000)
  eden space 340992K, 0% used [0x00000000d6780000,0x00000000d6780000,0x00000000eb480000)
  from space 22016K, 78% used [0x00000000eb480000,0x00000000ec55f0d8,0x00000000eca00000)
  to   space 23552K, 0% used [0x00000000f3900000,0x00000000f3900000,0x00000000f5000000)
 ParOldGen       total 126464K, used 34553K [0x0000000083600000, 0x000000008b180000, 0x00000000d6780000)
  object space 126464K, 27% used [0x0000000083600000,0x00000000857be490,0x000000008b180000)
 Metaspace       used 66718K, capacity 69158K, committed 69464K, reserved 1110016K
  class space    used 8786K, capacity 9281K, committed 9304K, reserved 1048576K
}
Event: 13.028 GC heap before
{Heap before GC invocations=17 (full 3):
 PSYoungGen      total 363008K, used 358268K [0x00000000d6780000, 0x00000000f5000000, 0x0000000100000000)
  eden space 340992K, 100% used [0x00000000d6780000,0x00000000eb480000,0x00000000eb480000)
  from space 22016K, 78% used [0x00000000eb480000,0x00000000ec55f0d8,0x00000000eca00000)
  to   space 23552K, 0% used [0x00000000f3900000,0x00000000f3900000,0x00000000f5000000)
 ParOldGen       total 126464K, used 34553K [0x0000000083600000, 0x000000008b180000, 0x00000000d6780000)
  object space 126464K, 27% used [0x0000000083600000,0x00000000857be490,0x000000008b180000)
 Metaspace       used 70938K, capacity 73956K, committed 74200K, reserved 1114112K
  class space    used 9390K, capacity 9940K, committed 9944K, reserved 1048576K
Event: 13.066 GC heap after
Heap after GC invocations=17 (full 3):
 PSYoungGen      total 466432K, used 12305K [0x00000000d6780000, 0x00000000f4a00000, 0x0000000100000000)
  eden space 449024K, 0% used [0x00000000d6780000,0x00000000d6780000,0x00000000f1e00000)
  from space 17408K, 70% used [0x00000000f3900000,0x00000000f4504690,0x00000000f4a00000)
  to   space 22528K, 0% used [0x00000000f1e00000,0x00000000f1e00000,0x00000000f3400000)
 ParOldGen       total 126464K, used 45395K [0x0000000083600000, 0x000000008b180000, 0x00000000d6780000)
  object space 126464K, 35% used [0x0000000083600000,0x0000000086254c38,0x000000008b180000)
 Metaspace       used 70938K, capacity 73956K, committed 74200K, reserved 1114112K
  class space    used 9390K, capacity 9940K, committed 9944K, reserved 1048576K
}
Event: 14.827 GC heap before
{Heap before GC invocations=18 (full 3):
 PSYoungGen      total 466432K, used 461329K [0x00000000d6780000, 0x00000000f4a00000, 0x0000000100000000)
  eden space 449024K, 100% used [0x00000000d6780000,0x00000000f1e00000,0x00000000f1e00000)
  from space 17408K, 70% used [0x00000000f3900000,0x00000000f4504690,0x00000000f4a00000)
  to   space 22528K, 0% used [0x00000000f1e00000,0x00000000f1e00000,0x00000000f3400000)
 ParOldGen       total 126464K, used 45395K [0x0000000083600000, 0x000000008b180000, 0x00000000d6780000)
  object space 126464K, 35% used [0x0000000083600000,0x0000000086254c38,0x000000008b180000)
 Metaspace       used 75469K, capacity 78740K, committed 78808K, reserved 1118208K
  class space    used 10083K, capacity 10676K, committed 10712K, reserved 1048576K
Event: 14.902 GC heap after
Heap after GC invocations=18 (full 3):
 PSYoungGen      total 471552K, used 11538K [0x00000000d6780000, 0x00000000fd800000, 0x0000000100000000)
  eden space 449024K, 0% used [0x00000000d6780000,0x00000000d6780000,0x00000000f1e00000)
  from space 22528K, 51% used [0x00000000f1e00000,0x00000000f2944b68,0x00000000f3400000)
  to   space 21504K, 0% used [0x00000000fc300000,0x00000000fc300000,0x00000000fd800000)
 ParOldGen       total 126464K, used 54527K [0x0000000083600000, 0x000000008b180000, 0x00000000d6780000)
  object space 126464K, 43% used [0x0000000083600000,0x0000000086b3fc78,0x000000008b180000)
 Metaspace       used 75469K, capacity 78740K, committed 78808K, reserved 1118208K
  class space    used 10083K, capacity 10676K, committed 10712K, reserved 1048576K
}
Event: 16.987 GC heap before
{Heap before GC invocations=19 (full 3):
 PSYoungGen      total 471552K, used 460562K [0x00000000d6780000, 0x00000000fd800000, 0x0000000100000000)
  eden space 449024K, 100% used [0x00000000d6780000,0x00000000f1e00000,0x00000000f1e00000)
  from space 22528K, 51% used [0x00000000f1e00000,0x00000000f2944b68,0x00000000f3400000)
  to   space 21504K, 0% used [0x00000000fc300000,0x00000000fc300000,0x00000000fd800000)
 ParOldGen       total 126464K, used 54527K [0x0000000083600000, 0x000000008b180000, 0x00000000d6780000)
  object space 126464K, 43% used [0x0000000083600000,0x0000000086b3fc78,0x000000008b180000)
 Metaspace       used 77026K, capacity 80358K, committed 80600K, reserved 1118208K
  class space    used 10261K, capacity 10865K, committed 10968K, reserved 1048576K
Event: 17.043 GC heap after
Heap after GC invocations=19 (full 3):
 PSYoungGen      total 612864K, used 16348K [0x00000000d6780000, 0x00000000fd680000, 0x0000000100000000)
  eden space 592896K, 0% used [0x00000000d6780000,0x00000000d6780000,0x00000000faa80000)
  from space 19968K, 81% used [0x00000000fc300000,0x00000000fd2f72f8,0x00000000fd680000)
  to   space 22528K, 0% used [0x00000000faa80000,0x00000000faa80000,0x00000000fc080000)
 ParOldGen       total 126464K, used 59475K [0x0000000083600000, 0x000000008b180000, 0x00000000d6780000)
  object space 126464K, 47% used [0x0000000083600000,0x0000000087014d28,0x000000008b180000)
 Metaspace       used 77026K, capacity 80358K, committed 80600K, reserved 1118208K
  class space    used 10261K, capacity 10865K, committed 10968K, reserved 1048576K
}
Event: 19.513 GC heap before
{Heap before GC invocations=20 (full 3):
 PSYoungGen      total 612864K, used 609244K [0x00000000d6780000, 0x00000000fd680000, 0x0000000100000000)
  eden space 592896K, 100% used [0x00000000d6780000,0x00000000faa80000,0x00000000faa80000)
  from space 19968K, 81% used [0x00000000fc300000,0x00000000fd2f72f8,0x00000000fd680000)
  to   space 22528K, 0% used [0x00000000faa80000,0x00000000faa80000,0x00000000fc080000)
 ParOldGen       total 126464K, used 59475K [0x0000000083600000, 0x000000008b180000, 0x00000000d6780000)
  object space 126464K, 47% used [0x0000000083600000,0x0000000087014d28,0x000000008b180000)
 Metaspace       used 77487K, capacity 80902K, committed 81112K, reserved 1120256K
  class space    used 10278K, capacity 10897K, committed 10968K, reserved 1048576K

