# JRE version: OpenJDK Runtime Environment (8.0_242-b08) (build 1.8.0_242-8u242-b08-0ubuntu3~18.04-b08)
# Java VM: OpenJDK 64-Bit Server VM (25.242-b08 mixed mode linux-amd64 compressed oops)
Heap:
 PSYoungGen      total 216576K, used 13792K [0x00000000eb780000, 0x00000000fc500000, 0x0000000100000000)
  eden space 202752K, 0% used [0x00000000eb780000,0x00000000eb780000,0x00000000f7d80000)
  from space 13824K, 99% used [0x00000000fb780000,0x00000000fc4f8010,0x00000000fc500000)
  to   space 23040K, 0% used [0x00000000fa100000,0x00000000fa100000,0x00000000fb780000)
 ParOldGen       total 83456K, used 82947K [0x00000000c2600000, 0x00000000c7780000, 0x00000000eb780000)
  object space 83456K, 99% used [0x00000000c2600000,0x00000000c7700ce0,0x00000000c7780000)
 Metaspace       used 26620K, capacity 27392K, committed 27520K, reserved 1073152K
  class space    used 3111K, capacity 3416K, committed 3456K, reserved 1048576K
GC Heap History (10 events):
Event: 2.120 GC heap after
Heap after GC invocations=6 (full 0):
 PSYoungGen      total 138752K, used 11760K [0x00000000eb780000, 0x00000000f5280000, 0x0000000100000000)
  eden space 124928K, 0% used [0x00000000eb780000,0x00000000eb780000,0x00000000f3180000)
  from space 13824K, 85% used [0x00000000f4100000,0x00000000f4c7c010,0x00000000f4e80000)
  to   space 15872K, 0% used [0x00000000f3180000,0x00000000f3180000,0x00000000f4100000)
 ParOldGen       total 42496K, used 20288K [0x00000000c2600000, 0x00000000c4f80000, 0x00000000eb780000)
  object space 42496K, 47% used [0x00000000c2600000,0x00000000c39d01c8,0x00000000c4f80000)
 Metaspace       used 15664K, capacity 15992K, committed 16128K, reserved 1062912K
  class space    used 1834K, capacity 1984K, committed 2048K, reserved 1048576K
}
Event: 2.773 GC heap before
{Heap before GC invocations=7 (full 0):
 PSYoungGen      total 138752K, used 136688K [0x00000000eb780000, 0x00000000f5280000, 0x0000000100000000)
  eden space 124928K, 100% used [0x00000000eb780000,0x00000000f3180000,0x00000000f3180000)
  from space 13824K, 85% used [0x00000000f4100000,0x00000000f4c7c010,0x00000000f4e80000)
  to   space 15872K, 0% used [0x00000000f3180000,0x00000000f3180000,0x00000000f4100000)
 ParOldGen       total 42496K, used 20288K [0x00000000c2600000, 0x00000000c4f80000, 0x00000000eb780000)
  object space 42496K, 47% used [0x00000000c2600000,0x00000000c39d01c8,0x00000000c4f80000)
 Metaspace       used 16158K, capacity 16464K, committed 16640K, reserved 1064960K
  class space    used 1860K, capacity 1988K, committed 2048K, reserved 1048576K
Event: 2.824 GC heap after
Heap after GC invocations=7 (full 0):
 PSYoungGen      total 140800K, used 15856K [0x00000000eb780000, 0x00000000fdd80000, 0x0000000100000000)
  eden space 124928K, 0% used [0x00000000eb780000,0x00000000eb780000,0x00000000f3180000)
  from space 15872K, 99% used [0x00000000f3180000,0x00000000f40fc010,0x00000000f4100000)
  to   space 25600K, 0% used [0x00000000fc480000,0x00000000fc480000,0x00000000fdd80000)
 ParOldGen       total 42496K, used 34276K [0x00000000c2600000, 0x00000000c4f80000, 0x00000000eb780000)
  object space 42496K, 80% used [0x00000000c2600000,0x00000000c4779048,0x00000000c4f80000)
 Metaspace       used 16158K, capacity 16464K, committed 16640K, reserved 1064960K
  class space    used 1860K, capacity 1988K, committed 2048K, reserved 1048576K
}
Event: 2.824 GC heap before
{Heap before GC invocations=8 (full 1):
 PSYoungGen      total 140800K, used 15856K [0x00000000eb780000, 0x00000000fdd80000, 0x0000000100000000)
  eden space 124928K, 0% used [0x00000000eb780000,0x00000000eb780000,0x00000000f3180000)
  from space 15872K, 99% used [0x00000000f3180000,0x00000000f40fc010,0x00000000f4100000)
  to   space 25600K, 0% used [0x00000000fc480000,0x00000000fc480000,0x00000000fdd80000)
 ParOldGen       total 42496K, used 34276K [0x00000000c2600000, 0x00000000c4f80000, 0x00000000eb780000)
  object space 42496K, 80% used [0x00000000c2600000,0x00000000c4779048,0x00000000c4f80000)
 Metaspace       used 16158K, capacity 16464K, committed 16640K, reserved 1064960K
  class space    used 1860K, capacity 1988K, committed 2048K, reserved 1048576K
Event: 3.051 GC heap after
Heap after GC invocations=8 (full 1):
 PSYoungGen      total 140800K, used 0K [0x00000000eb780000, 0x00000000fdd80000, 0x0000000100000000)
  eden space 124928K, 0% used [0x00000000eb780000,0x00000000eb780000,0x00000000f3180000)
  from space 15872K, 0% used [0x00000000f3180000,0x00000000f3180000,0x00000000f4100000)
  to   space 25600K, 0% used [0x00000000fc480000,0x00000000fc480000,0x00000000fdd80000)
 ParOldGen       total 81920K, used 41499K [0x00000000c2600000, 0x00000000c7600000, 0x00000000eb780000)
  object space 81920K, 50% used [0x00000000c2600000,0x00000000c4e86ee0,0x00000000c7600000)
 Metaspace       used 16158K, capacity 16464K, committed 16640K, reserved 1064960K
  class space    used 1860K, capacity 1988K, committed 2048K, reserved 1048576K
}
Event: 4.258 GC heap before
{Heap before GC invocations=9 (full 1):
 PSYoungGen      total 140800K, used 124928K [0x00000000eb780000, 0x00000000fdd80000, 0x0000000100000000)
  eden space 124928K, 100% used [0x00000000eb780000,0x00000000f3180000,0x00000000f3180000)
  from space 15872K, 0% used [0x00000000f3180000,0x00000000f3180000,0x00000000f4100000)
  to   space 25600K, 0% used [0x00000000fc480000,0x00000000fc480000,0x00000000fdd80000)
 ParOldGen       total 81920K, used 41499K [0x00000000c2600000, 0x00000000c7600000, 0x00000000eb780000)
  object space 81920K, 50% used [0x00000000c2600000,0x00000000c4e86ee0,0x00000000c7600000)
 Metaspace       used 16597K, capacity 16950K, committed 17152K, reserved 1064960K
  class space    used 1872K, capacity 2021K, committed 2048K, reserved 1048576K
Event: 4.280 GC heap after
Heap after GC invocations=9 (full 1):
 PSYoungGen      total 181248K, used 11328K [0x00000000eb780000, 0x00000000fd000000, 0x0000000100000000)
  eden space 169472K, 0% used [0x00000000eb780000,0x00000000eb780000,0x00000000f5d00000)
  from space 11776K, 96% used [0x00000000fc480000,0x00000000fcf90000,0x00000000fd000000)
  to   space 24064K, 0% used [0x00000000fa100000,0x00000000fa100000,0x00000000fb880000)
 ParOldGen       total 81920K, used 41507K [0x00000000c2600000, 0x00000000c7600000, 0x00000000eb780000)
  object space 81920K, 50% used [0x00000000c2600000,0x00000000c4e88ee0,0x00000000c7600000)
 Metaspace       used 16597K, capacity 16950K, committed 17152K, reserved 1064960K
  class space    used 1872K, capacity 2021K, committed 2048K, reserved 1048576K
}
Event: 6.629 GC heap before
{Heap before GC invocations=10 (full 1):
 PSYoungGen      total 181248K, used 180800K [0x00000000eb780000, 0x00000000fd000000, 0x0000000100000000)
  eden space 169472K, 100% used [0x00000000eb780000,0x00000000f5d00000,0x00000000f5d00000)
  from space 11776K, 96% used [0x00000000fc480000,0x00000000fcf90000,0x00000000fd000000)
  to   space 24064K, 0% used [0x00000000fa100000,0x00000000fa100000,0x00000000fb880000)
 ParOldGen       total 81920K, used 41507K [0x00000000c2600000, 0x00000000c7600000, 0x00000000eb780000)
  object space 81920K, 50% used [0x00000000c2600000,0x00000000c4e88ee0,0x00000000c7600000)
 Metaspace       used 21787K, capacity 22362K, committed 22528K, reserved 1069056K
  class space    used 2518K, capacity 2717K, committed 2816K, reserved 1048576K
Event: 6.677 GC heap after
Heap after GC invocations=10 (full 1):
 PSYoungGen      total 225792K, used 22851K [0x00000000eb780000, 0x00000000fc500000, 0x0000000100000000)
  eden space 202752K, 0% used [0x00000000eb780000,0x00000000eb780000,0x00000000f7d80000)
  from space 23040K, 99% used [0x00000000fa100000,0x00000000fb750e18,0x00000000fb780000)
  to   space 13824K, 0% used [0x00000000fb780000,0x00000000fb780000,0x00000000fc500000)
 ParOldGen       total 81920K, used 41515K [0x00000000c2600000, 0x00000000c7600000, 0x00000000eb780000)
  object space 81920K, 50% used [0x00000000c2600000,0x00000000c4e8aee0,0x00000000c7600000)
 Metaspace       used 21787K, capacity 22362K, committed 22528K, reserved 1069056K
  class space    used 2518K, capacity 2717K, committed 2816K, reserved 1048576K
}
Event: 9.887 GC heap before
{Heap before GC invocations=11 (full 1):
 PSYoungGen      total 225792K, used 225603K [0x00000000eb780000, 0x00000000fc500000, 0x0000000100000000)
  eden space 202752K, 100% used [0x00000000eb780000,0x00000000f7d80000,0x00000000f7d80000)
  from space 23040K, 99% used [0x00000000fa100000,0x00000000fb750e18,0x00000000fb780000)
  to   space 13824K, 0% used [0x00000000fb780000,0x00000000fb780000,0x00000000fc500000)
 ParOldGen       total 81920K, used 41515K [0x00000000c2600000, 0x00000000c7600000, 0x00000000eb780000)
  object space 81920K, 50% used [0x00000000c2600000,0x00000000c4e8aee0,0x00000000c7600000)
 Metaspace       used 26620K, capacity 27392K, committed 27520K, reserved 1073152K
  class space    used 3111K, capacity 3416K, committed 3456K, reserved 1048576K

