# JRE version: OpenJDK Runtime Environment (8.0_242-b08) (build 1.8.0_242-8u242-b08-0ubuntu3~18.04-b08)
# Java VM: OpenJDK 64-Bit Server VM (25.242-b08 mixed mode linux-amd64 compressed oops)
Heap:
 PSYoungGen      total 219136K, used 9244K [0x00000000eb780000, 0x00000000fcb00000, 0x0000000100000000)
  eden space 186368K, 0% used [0x00000000eb780000,0x00000000eb780000,0x00000000f6d80000)
  from space 32768K, 28% used [0x00000000f6d80000,0x00000000f7687078,0x00000000f8d80000)
  to   space 27136K, 0% used [0x00000000f8d80000,0x00000000f8d80000,0x00000000fa800000)
 ParOldGen       total 76288K, used 64294K [0x00000000c2600000, 0x00000000c7080000, 0x00000000eb780000)
  object space 76288K, 84% used [0x00000000c2600000,0x00000000c64c98e0,0x00000000c7080000)
 Metaspace       used 27305K, capacity 28112K, committed 28160K, reserved 1073152K
  class space    used 3266K, capacity 3562K, committed 3584K, reserved 1048576K
GC Heap History (10 events):
Event: 3.807 GC heap after
Heap after GC invocations=9 (full 0):
 PSYoungGen      total 134656K, used 18432K [0x00000000eb780000, 0x00000000fa080000, 0x0000000100000000)
  eden space 116224K, 0% used [0x00000000eb780000,0x00000000eb780000,0x00000000f2900000)
  from space 18432K, 100% used [0x00000000f2900000,0x00000000f3b00000,0x00000000f3b00000)
  to   space 26112K, 0% used [0x00000000f8700000,0x00000000f8700000,0x00000000fa080000)
 ParOldGen       total 42496K, used 33653K [0x00000000c2600000, 0x00000000c4f80000, 0x00000000eb780000)
  object space 42496K, 79% used [0x00000000c2600000,0x00000000c46dd778,0x00000000c4f80000)
 Metaspace       used 16284K, capacity 16592K, committed 16896K, reserved 1064960K
  class space    used 1869K, capacity 1988K, committed 2048K, reserved 1048576K
}
Event: 3.807 GC heap before
{Heap before GC invocations=10 (full 1):
 PSYoungGen      total 134656K, used 18432K [0x00000000eb780000, 0x00000000fa080000, 0x0000000100000000)
  eden space 116224K, 0% used [0x00000000eb780000,0x00000000eb780000,0x00000000f2900000)
  from space 18432K, 100% used [0x00000000f2900000,0x00000000f3b00000,0x00000000f3b00000)
  to   space 26112K, 0% used [0x00000000f8700000,0x00000000f8700000,0x00000000fa080000)
 ParOldGen       total 42496K, used 33653K [0x00000000c2600000, 0x00000000c4f80000, 0x00000000eb780000)
  object space 42496K, 79% used [0x00000000c2600000,0x00000000c46dd778,0x00000000c4f80000)
 Metaspace       used 16284K, capacity 16592K, committed 16896K, reserved 1064960K
  class space    used 1869K, capacity 1988K, committed 2048K, reserved 1048576K
Event: 4.044 GC heap after
Heap after GC invocations=10 (full 1):
 PSYoungGen      total 134656K, used 1023K [0x00000000eb780000, 0x00000000fa080000, 0x0000000100000000)
  eden space 116224K, 0% used [0x00000000eb780000,0x00000000eb780000,0x00000000f2900000)
  from space 18432K, 5% used [0x00000000f2900000,0x00000000f29ffc40,0x00000000f3b00000)
  to   space 26112K, 0% used [0x00000000f8700000,0x00000000f8700000,0x00000000fa080000)
 ParOldGen       total 76288K, used 42266K [0x00000000c2600000, 0x00000000c7080000, 0x00000000eb780000)
  object space 76288K, 55% used [0x00000000c2600000,0x00000000c4f469a8,0x00000000c7080000)
 Metaspace       used 16284K, capacity 16592K, committed 16896K, reserved 1064960K
  class space    used 1869K, capacity 1988K, committed 2048K, reserved 1048576K
}
Event: 4.892 GC heap before
{Heap before GC invocations=11 (full 1):
 PSYoungGen      total 134656K, used 117247K [0x00000000eb780000, 0x00000000fa080000, 0x0000000100000000)
  eden space 116224K, 100% used [0x00000000eb780000,0x00000000f2900000,0x00000000f2900000)
  from space 18432K, 5% used [0x00000000f2900000,0x00000000f29ffc40,0x00000000f3b00000)
  to   space 26112K, 0% used [0x00000000f8700000,0x00000000f8700000,0x00000000fa080000)
 ParOldGen       total 76288K, used 42266K [0x00000000c2600000, 0x00000000c7080000, 0x00000000eb780000)
  object space 76288K, 55% used [0x00000000c2600000,0x00000000c4f469a8,0x00000000c7080000)
 Metaspace       used 16620K, capacity 17014K, committed 17152K, reserved 1064960K
  class space    used 1872K, capacity 2021K, committed 2048K, reserved 1048576K
Event: 4.938 GC heap after
Heap after GC invocations=11 (full 1):
 PSYoungGen      total 162304K, used 11232K [0x00000000eb780000, 0x00000000f9200000, 0x0000000100000000)
  eden space 151040K, 0% used [0x00000000eb780000,0x00000000eb780000,0x00000000f4b00000)
  from space 11264K, 99% used [0x00000000f8700000,0x00000000f91f8000,0x00000000f9200000)
  to   space 25088K, 0% used [0x00000000f6100000,0x00000000f6100000,0x00000000f7980000)
 ParOldGen       total 76288K, used 42274K [0x00000000c2600000, 0x00000000c7080000, 0x00000000eb780000)
  object space 76288K, 55% used [0x00000000c2600000,0x00000000c4f489a8,0x00000000c7080000)
 Metaspace       used 16620K, capacity 17014K, committed 17152K, reserved 1064960K
  class space    used 1872K, capacity 2021K, committed 2048K, reserved 1048576K
}
Event: 6.290 GC heap before
{Heap before GC invocations=12 (full 1):
 PSYoungGen      total 162304K, used 162272K [0x00000000eb780000, 0x00000000f9200000, 0x0000000100000000)
  eden space 151040K, 100% used [0x00000000eb780000,0x00000000f4b00000,0x00000000f4b00000)
  from space 11264K, 99% used [0x00000000f8700000,0x00000000f91f8000,0x00000000f9200000)
  to   space 25088K, 0% used [0x00000000f6100000,0x00000000f6100000,0x00000000f7980000)
 ParOldGen       total 76288K, used 42274K [0x00000000c2600000, 0x00000000c7080000, 0x00000000eb780000)
  object space 76288K, 55% used [0x00000000c2600000,0x00000000c4f489a8,0x00000000c7080000)
 Metaspace       used 18236K, capacity 18694K, committed 18944K, reserved 1067008K
  class space    used 2031K, capacity 2197K, committed 2304K, reserved 1048576K
Event: 6.319 GC heap after
Heap after GC invocations=12 (full 1):
 PSYoungGen      total 198656K, used 19944K [0x00000000eb780000, 0x00000000fa800000, 0x0000000100000000)
  eden space 173568K, 0% used [0x00000000eb780000,0x00000000eb780000,0x00000000f6100000)
  from space 25088K, 79% used [0x00000000f6100000,0x00000000f747a0a0,0x00000000f7980000)
  to   space 27136K, 0% used [0x00000000f8d80000,0x00000000f8d80000,0x00000000fa800000)
 ParOldGen       total 76288K, used 43306K [0x00000000c2600000, 0x00000000c7080000, 0x00000000eb780000)
  object space 76288K, 56% used [0x00000000c2600000,0x00000000c504a9b8,0x00000000c7080000)
 Metaspace       used 18236K, capacity 18694K, committed 18944K, reserved 1067008K
  class space    used 2031K, capacity 2197K, committed 2304K, reserved 1048576K
}
Event: 9.711 GC heap before
{Heap before GC invocations=13 (full 1):
 PSYoungGen      total 198656K, used 193512K [0x00000000eb780000, 0x00000000fa800000, 0x0000000100000000)
  eden space 173568K, 100% used [0x00000000eb780000,0x00000000f6100000,0x00000000f6100000)
  from space 25088K, 79% used [0x00000000f6100000,0x00000000f747a0a0,0x00000000f7980000)
  to   space 27136K, 0% used [0x00000000f8d80000,0x00000000f8d80000,0x00000000fa800000)
 ParOldGen       total 76288K, used 43306K [0x00000000c2600000, 0x00000000c7080000, 0x00000000eb780000)
  object space 76288K, 56% used [0x00000000c2600000,0x00000000c504a9b8,0x00000000c7080000)
 Metaspace       used 27220K, capacity 28068K, committed 28160K, reserved 1073152K
  class space    used 3240K, capacity 3528K, committed 3584K, reserved 1048576K
Event: 9.790 GC heap after
Heap after GC invocations=13 (full 1):
 PSYoungGen      total 213504K, used 27114K [0x00000000eb780000, 0x00000000fcb00000, 0x0000000100000000)
  eden space 186368K, 0% used [0x00000000eb780000,0x00000000eb780000,0x00000000f6d80000)
  from space 27136K, 99% used [0x00000000f8d80000,0x00000000fa7fab58,0x00000000fa800000)
  to   space 32768K, 0% used [0x00000000f6d80000,0x00000000f6d80000,0x00000000f8d80000)
 ParOldGen       total 76288K, used 46602K [0x00000000c2600000, 0x00000000c7080000, 0x00000000eb780000)
  object space 76288K, 61% used [0x00000000c2600000,0x00000000c53828b0,0x00000000c7080000)
 Metaspace       used 27220K, capacity 28068K, committed 28160K, reserved 1073152K
  class space    used 3240K, capacity 3528K, committed 3584K, reserved 1048576K
}
Event: 9.814 GC heap before
{Heap before GC invocations=14 (full 1):
 PSYoungGen      total 213504K, used 31583K [0x00000000eb780000, 0x00000000fcb00000, 0x0000000100000000)
  eden space 186368K, 2% used [0x00000000eb780000,0x00000000ebbdd0b0,0x00000000f6d80000)
  from space 27136K, 99% used [0x00000000f8d80000,0x00000000fa7fab58,0x00000000fa800000)
  to   space 32768K, 0% used [0x00000000f6d80000,0x00000000f6d80000,0x00000000f8d80000)
 ParOldGen       total 76288K, used 46602K [0x00000000c2600000, 0x00000000c7080000, 0x00000000eb780000)
  object space 76288K, 61% used [0x00000000c2600000,0x00000000c53828b0,0x00000000c7080000)
 Metaspace       used 27305K, capacity 28112K, committed 28160K, reserved 1073152K
  class space    used 3266K, capacity 3562K, committed 3584K, reserved 1048576K

