# JRE version: OpenJDK Runtime Environment (8.0_242-b08) (build 1.8.0_242-8u242-b08-0ubuntu3~18.04-b08)
# Java VM: OpenJDK 64-Bit Server VM (25.242-b08 mixed mode linux-amd64 compressed oops)
Heap:
 PSYoungGen      total 214528K, used 0K [0x00000000eb780000, 0x00000000fc900000, 0x0000000100000000)
  eden space 186880K, 0% used [0x00000000eb780000,0x00000000eb780000,0x00000000f6e00000)
  from space 27648K, 0% used [0x00000000f8e00000,0x00000000f8e00000,0x00000000fa900000)
  to   space 32768K, 0% used [0x00000000f6e00000,0x00000000f6e00000,0x00000000f8e00000)
 ParOldGen       total 76288K, used 69244K [0x00000000c2600000, 0x00000000c7080000, 0x00000000eb780000)
  object space 76288K, 90% used [0x00000000c2600000,0x00000000c699f3d8,0x00000000c7080000)
 Metaspace       used 27309K, capacity 28132K, committed 28160K, reserved 1073152K
  class space    used 3265K, capacity 3566K, committed 3584K, reserved 1048576K
GC Heap History (10 events):
Event: 4.396 GC heap after
Heap after GC invocations=9 (full 0):
 PSYoungGen      total 135168K, used 18432K [0x00000000eb780000, 0x00000000fa200000, 0x0000000100000000)
  eden space 116736K, 0% used [0x00000000eb780000,0x00000000eb780000,0x00000000f2980000)
  from space 18432K, 100% used [0x00000000f2980000,0x00000000f3b80000,0x00000000f3b80000)
  to   space 26624K, 0% used [0x00000000f8800000,0x00000000f8800000,0x00000000fa200000)
 ParOldGen       total 42496K, used 34444K [0x00000000c2600000, 0x00000000c4f80000, 0x00000000eb780000)
  object space 42496K, 81% used [0x00000000c2600000,0x00000000c47a3300,0x00000000c4f80000)
 Metaspace       used 16247K, capacity 16592K, committed 16896K, reserved 1064960K
  class space    used 1869K, capacity 1988K, committed 2048K, reserved 1048576K
}
Event: 4.396 GC heap before
{Heap before GC invocations=10 (full 1):
 PSYoungGen      total 135168K, used 18432K [0x00000000eb780000, 0x00000000fa200000, 0x0000000100000000)
  eden space 116736K, 0% used [0x00000000eb780000,0x00000000eb780000,0x00000000f2980000)
  from space 18432K, 100% used [0x00000000f2980000,0x00000000f3b80000,0x00000000f3b80000)
  to   space 26624K, 0% used [0x00000000f8800000,0x00000000f8800000,0x00000000fa200000)
 ParOldGen       total 42496K, used 34444K [0x00000000c2600000, 0x00000000c4f80000, 0x00000000eb780000)
  object space 42496K, 81% used [0x00000000c2600000,0x00000000c47a3300,0x00000000c4f80000)
 Metaspace       used 16247K, capacity 16592K, committed 16896K, reserved 1064960K
  class space    used 1869K, capacity 1988K, committed 2048K, reserved 1048576K
Event: 4.643 GC heap after
Heap after GC invocations=10 (full 1):
 PSYoungGen      total 135168K, used 1022K [0x00000000eb780000, 0x00000000fa200000, 0x0000000100000000)
  eden space 116736K, 0% used [0x00000000eb780000,0x00000000eb780000,0x00000000f2980000)
  from space 18432K, 5% used [0x00000000f2980000,0x00000000f2a7fb70,0x00000000f3b80000)
  to   space 26624K, 0% used [0x00000000f8800000,0x00000000f8800000,0x00000000fa200000)
 ParOldGen       total 76288K, used 42397K [0x00000000c2600000, 0x00000000c7080000, 0x00000000eb780000)
  object space 76288K, 55% used [0x00000000c2600000,0x00000000c4f675f0,0x00000000c7080000)
 Metaspace       used 16247K, capacity 16592K, committed 16896K, reserved 1064960K
  class space    used 1869K, capacity 1988K, committed 2048K, reserved 1048576K
}
Event: 6.084 GC heap before
{Heap before GC invocations=11 (full 1):
 PSYoungGen      total 135168K, used 117758K [0x00000000eb780000, 0x00000000fa200000, 0x0000000100000000)
  eden space 116736K, 100% used [0x00000000eb780000,0x00000000f2980000,0x00000000f2980000)
  from space 18432K, 5% used [0x00000000f2980000,0x00000000f2a7fb70,0x00000000f3b80000)
  to   space 26624K, 0% used [0x00000000f8800000,0x00000000f8800000,0x00000000fa200000)
 ParOldGen       total 76288K, used 42397K [0x00000000c2600000, 0x00000000c7080000, 0x00000000eb780000)
  object space 76288K, 55% used [0x00000000c2600000,0x00000000c4f675f0,0x00000000c7080000)
 Metaspace       used 16605K, capacity 17014K, committed 17152K, reserved 1064960K
  class space    used 1872K, capacity 2021K, committed 2048K, reserved 1048576K
Event: 6.130 GC heap after
Heap after GC invocations=11 (full 1):
 PSYoungGen      total 161792K, used 10240K [0x00000000eb780000, 0x00000000f9200000, 0x0000000100000000)
  eden space 151552K, 0% used [0x00000000eb780000,0x00000000eb780000,0x00000000f4b80000)
  from space 10240K, 100% used [0x00000000f8800000,0x00000000f9200000,0x00000000f9200000)
  to   space 25088K, 0% used [0x00000000f6100000,0x00000000f6100000,0x00000000f7980000)
 ParOldGen       total 76288K, used 43437K [0x00000000c2600000, 0x00000000c7080000, 0x00000000eb780000)
  object space 76288K, 56% used [0x00000000c2600000,0x00000000c506b600,0x00000000c7080000)
 Metaspace       used 16605K, capacity 17014K, committed 17152K, reserved 1064960K
  class space    used 1872K, capacity 2021K, committed 2048K, reserved 1048576K
}
Event: 8.074 GC heap before
{Heap before GC invocations=12 (full 1):
 PSYoungGen      total 161792K, used 161792K [0x00000000eb780000, 0x00000000f9200000, 0x0000000100000000)
  eden space 151552K, 100% used [0x00000000eb780000,0x00000000f4b80000,0x00000000f4b80000)
  from space 10240K, 100% used [0x00000000f8800000,0x00000000f9200000,0x00000000f9200000)
  to   space 25088K, 0% used [0x00000000f6100000,0x00000000f6100000,0x00000000f7980000)
 ParOldGen       total 76288K, used 43437K [0x00000000c2600000, 0x00000000c7080000, 0x00000000eb780000)
  object space 76288K, 56% used [0x00000000c2600000,0x00000000c506b600,0x00000000c7080000)
 Metaspace       used 18238K, capacity 18694K, committed 18944K, reserved 1067008K
  class space    used 2032K, capacity 2197K, committed 2304K, reserved 1048576K
Event: 8.100 GC heap after
Heap after GC invocations=12 (full 1):
 PSYoungGen      total 198656K, used 20503K [0x00000000eb780000, 0x00000000fa900000, 0x0000000100000000)
  eden space 173568K, 0% used [0x00000000eb780000,0x00000000eb780000,0x00000000f6100000)
  from space 25088K, 81% used [0x00000000f6100000,0x00000000f7505e58,0x00000000f7980000)
  to   space 27648K, 0% used [0x00000000f8e00000,0x00000000f8e00000,0x00000000fa900000)
 ParOldGen       total 76288K, used 43445K [0x00000000c2600000, 0x00000000c7080000, 0x00000000eb780000)
  object space 76288K, 56% used [0x00000000c2600000,0x00000000c506d600,0x00000000c7080000)
 Metaspace       used 18238K, capacity 18694K, committed 18944K, reserved 1067008K
  class space    used 2032K, capacity 2197K, committed 2304K, reserved 1048576K
}
Event: 11.947 GC heap before
{Heap before GC invocations=13 (full 1):
 PSYoungGen      total 198656K, used 192974K [0x00000000eb780000, 0x00000000fa900000, 0x0000000100000000)
  eden space 173568K, 99% used [0x00000000eb780000,0x00000000f5fedb80,0x00000000f6100000)
  from space 25088K, 81% used [0x00000000f6100000,0x00000000f7505e58,0x00000000f7980000)
  to   space 27648K, 0% used [0x00000000f8e00000,0x00000000f8e00000,0x00000000fa900000)
 ParOldGen       total 76288K, used 43445K [0x00000000c2600000, 0x00000000c7080000, 0x00000000eb780000)
  object space 76288K, 56% used [0x00000000c2600000,0x00000000c506d600,0x00000000c7080000)
 Metaspace       used 27309K, capacity 28132K, committed 28160K, reserved 1073152K
  class space    used 3265K, capacity 3566K, committed 3584K, reserved 1048576K
Event: 11.993 GC heap after
Heap after GC invocations=13 (full 1):
 PSYoungGen      total 214528K, used 27636K [0x00000000eb780000, 0x00000000fc900000, 0x0000000100000000)
  eden space 186880K, 0% used [0x00000000eb780000,0x00000000eb780000,0x00000000f6e00000)
  from space 27648K, 99% used [0x00000000f8e00000,0x00000000fa8fd160,0x00000000fa900000)
  to   space 32768K, 0% used [0x00000000f6e00000,0x00000000f6e00000,0x00000000f8e00000)
 ParOldGen       total 76288K, used 46350K [0x00000000c2600000, 0x00000000c7080000, 0x00000000eb780000)
  object space 76288K, 60% used [0x00000000c2600000,0x00000000c5343a10,0x00000000c7080000)
 Metaspace       used 27309K, capacity 28132K, committed 28160K, reserved 1073152K
  class space    used 3265K, capacity 3566K, committed 3584K, reserved 1048576K
}
Event: 11.993 GC heap before
{Heap before GC invocations=14 (full 2):
 PSYoungGen      total 214528K, used 27636K [0x00000000eb780000, 0x00000000fc900000, 0x0000000100000000)
  eden space 186880K, 0% used [0x00000000eb780000,0x00000000eb780000,0x00000000f6e00000)
  from space 27648K, 99% used [0x00000000f8e00000,0x00000000fa8fd160,0x00000000fa900000)
  to   space 32768K, 0% used [0x00000000f6e00000,0x00000000f6e00000,0x00000000f8e00000)
 ParOldGen       total 76288K, used 46350K [0x00000000c2600000, 0x00000000c7080000, 0x00000000eb780000)
  object space 76288K, 60% used [0x00000000c2600000,0x00000000c5343a10,0x00000000c7080000)
 Metaspace       used 27309K, capacity 28132K, committed 28160K, reserved 1073152K
  class space    used 3265K, capacity 3566K, committed 3584K, reserved 1048576K

